Using pre-set license
Built from '2020.3/staging' branch; Version is '2020.3.11f1 (99c7afb366b3) revision 10078127'; Using compiler version '192528614'; Build Type 'Release'
OS: 'Windows 10 Pro; OS build 19042.1052; Version 2009; 64bit' Language: 'en' Physical Memory: 16316 MB
BatchMode: 1, IsHumanControllingUs: 0, StartBugReporterOnCrash: 0, Is64bit: 1, IsPro: 0

 COMMAND LINE ARGUMENTS:
C:\Program Files\Unity\Hub\Editor\2020.3.11f1\Editor\Unity.exe
-adb2
-batchMode
-noUpm
-name
AssetImportWorker0
-projectPath
C:/Unity/JrProgrammer/Programming Theory Project/Programming-Theory-Repo/Programming Theory Project
-logFile
Logs/AssetImportWorker0.log
-srvPort
50639
Successfully changed project path to: C:/Unity/JrProgrammer/Programming Theory Project/Programming-Theory-Repo/Programming Theory Project
C:/Unity/JrProgrammer/Programming Theory Project/Programming-Theory-Repo/Programming Theory Project
Using Asset Import Pipeline V2.
Refreshing native plugins compatible for Editor in 37.39 ms, found 2 plugins.
Preloading 0 native plugins for Editor in 0.00 ms.
Initialize engine version: 2020.3.11f1 (99c7afb366b3)
[Subsystems] Discovering subsystems at path C:/Program Files/Unity/Hub/Editor/2020.3.11f1/Editor/Data/Resources/UnitySubsystems
[Subsystems] Discovering subsystems at path C:/Unity/JrProgrammer/Programming Theory Project/Programming-Theory-Repo/Programming Theory Project/Assets
GfxDevice: creating device client; threaded=0
Direct3D:
    Version:  Direct3D 11.0 [level 11.1]
    Renderer: NVIDIA GeForce RTX 2070 SUPER (ID=0x1e84)
    Vendor:   
    VRAM:     8012 MB
    Driver:   27.21.14.6677
Shader 'Universal Render Pipeline/Particles/Lit': fallback shader 'Universal Render Pipeline/Particles/SimpleLit' not found
Initialize mono
Mono path[0] = 'C:/Program Files/Unity/Hub/Editor/2020.3.11f1/Editor/Data/Managed'
Mono path[1] = 'C:/Program Files/Unity/Hub/Editor/2020.3.11f1/Editor/Data/MonoBleedingEdge/lib/mono/unityjit'
Mono config path = 'C:/Program Files/Unity/Hub/Editor/2020.3.11f1/Editor/Data/MonoBleedingEdge/etc'
Using monoOptions --debugger-agent=transport=dt_socket,embedding=1,server=y,suspend=n,address=127.0.0.1:56752
Begin MonoManager ReloadAssembly
Registering precompiled unity dll's ...
Register platform support module: C:/Program Files/Unity/Hub/Editor/2020.3.11f1/Editor/Data/PlaybackEngines/WebGLSupport/UnityEditor.WebGL.Extensions.dll
Register platform support module: C:/Program Files/Unity/Hub/Editor/2020.3.11f1/Editor/Data/PlaybackEngines/MacStandaloneSupport/UnityEditor.OSXStandalone.Extensions.dll
Register platform support module: C:/Program Files/Unity/Hub/Editor/2020.3.11f1/Editor/Data/PlaybackEngines/WindowsStandaloneSupport/UnityEditor.WindowsStandalone.Extensions.dll
Register platform support module: C:/Program Files/Unity/Hub/Editor/2020.3.11f1/Editor/Data/PlaybackEngines/LinuxStandaloneSupport/UnityEditor.LinuxStandalone.Extensions.dll
Registered in 0.002252 seconds.
Native extension for LinuxStandalone target not found
Native extension for WindowsStandalone target not found
Native extension for OSXStandalone target not found
Native extension for WebGL target not found
Refreshing native plugins compatible for Editor in 36.68 ms, found 2 plugins.
Preloading 0 native plugins for Editor in 0.00 ms.
Mono: successfully reloaded assembly
- Completed reload, in  1.455 seconds
Platform modules already initialized, skipping
Registering precompiled user dll's ...
Registered in 0.003189 seconds.
Begin MonoManager ReloadAssembly
Native extension for LinuxStandalone target not found
Native extension for WindowsStandalone target not found
Native extension for OSXStandalone target not found
Native extension for WebGL target not found
Refreshing native plugins compatible for Editor in 36.68 ms, found 2 plugins.
Preloading 0 native plugins for Editor in 0.00 ms.
Mono: successfully reloaded assembly
- Completed reload, in  0.879 seconds
Platform modules already initialized, skipping
========================================================================
Worker process is ready to serve import requests
Shader 'Universal Render Pipeline/Particles/Lit': fallback shader 'Universal Render Pipeline/Particles/SimpleLit' not found
Launched and connected shader compiler UnityShaderCompiler.exe after 0.03 seconds
Refreshing native plugins compatible for Editor in 0.35 ms, found 2 plugins.
Preloading 0 native plugins for Editor in 0.00 ms.
Unloading 2651 Unused Serialized files (Serialized files now loaded: 0)
System memory in use before: 119.5 MB.
System memory in use after: 119.6 MB.

Unloading 20 unused Assets to reduce memory usage. Loaded Objects now: 3088.
Total: 1.834700 ms (FindLiveObjects: 0.181400 ms CreateObjectMapping: 0.095700 ms MarkObjects: 1.497400 ms  DeleteObjects: 0.059400 ms)

========================================================================
Received Import Request.
  path: Assets/Scripts/Tree.cs
  artifactKey: Guid(c1e91f783be915d469270bc1320ddb75) Importer(815301076,1909f56bfc062723c751e8b465ee728b)
Start importing Assets/Scripts/Tree.cs using Guid(c1e91f783be915d469270bc1320ddb75) Importer(815301076,1909f56bfc062723c751e8b465ee728b)  -> (artifact id: '3e37c3ac4fd35b6e6d4ed64d1fb471a8') in 0.023664 seconds
  Import took 0.027498 seconds .

========================================================================
Received Import Request.
  Time since last request: 78.706076 seconds.
  path: Assets/Prefabs/Tree.prefab
  artifactKey: Guid(1ff8f5555e5988646b25ac414a1a44ef) Importer(815301076,1909f56bfc062723c751e8b465ee728b)
Start importing Assets/Prefabs/Tree.prefab using Guid(1ff8f5555e5988646b25ac414a1a44ef) Importer(815301076,1909f56bfc062723c751e8b465ee728b)  -> (artifact id: '519ddeef29b44dbcb9f8729f544c0b2f') in 0.069694 seconds
  Import took 0.073041 seconds .

========================================================================
Received Import Request.
  Time since last request: 5.123425 seconds.
  path: Assets/Prefabs/Tree.prefab
  artifactKey: Guid(1ff8f5555e5988646b25ac414a1a44ef) Importer(815301076,1909f56bfc062723c751e8b465ee728b)
Start importing Assets/Prefabs/Tree.prefab using Guid(1ff8f5555e5988646b25ac414a1a44ef) Importer(815301076,1909f56bfc062723c751e8b465ee728b)  -> (artifact id: 'fcb54f249da9c0d467f65bcb43413d38') in 0.009395 seconds
  Import took 0.013764 seconds .

========================================================================
Received Import Request.
  Time since last request: 0.001565 seconds.
  path: Assets/Prefabs/Tree.prefab
  artifactKey: Guid(1ff8f5555e5988646b25ac414a1a44ef) Importer(815301076,1909f56bfc062723c751e8b465ee728b)
Start importing Assets/Prefabs/Tree.prefab using Guid(1ff8f5555e5988646b25ac414a1a44ef) Importer(815301076,1909f56bfc062723c751e8b465ee728b)  -> (artifact id: 'fcb54f249da9c0d467f65bcb43413d38') in 0.031938 seconds
  Import took 0.035367 seconds .

========================================================================
Received Prepare
Registering precompiled user dll's ...
Registered in 0.003089 seconds.
Begin MonoManager ReloadAssembly
Native extension for LinuxStandalone target not found
Native extension for WindowsStandalone target not found
Native extension for OSXStandalone target not found
Native extension for WebGL target not found
Refreshing native plugins compatible for Editor in 0.36 ms, found 2 plugins.
Preloading 0 native plugins for Editor in 0.00 ms.
Mono: successfully reloaded assembly
- Completed reload, in  0.806 seconds
Platform modules already initialized, skipping
Shader 'Universal Render Pipeline/Particles/Lit': fallback shader 'Universal Render Pipeline/Particles/SimpleLit' not found
Refreshing native plugins compatible for Editor in 0.36 ms, found 2 plugins.
Preloading 0 native plugins for Editor in 0.00 ms.
Unloading 2591 Unused Serialized files (Serialized files now loaded: 0)
System memory in use before: 117.0 MB.
System memory in use after: 117.2 MB.

Unloading 16 unused Assets to reduce memory usage. Loaded Objects now: 3099.
Total: 1.806800 ms (FindLiveObjects: 0.161900 ms CreateObjectMapping: 0.075900 ms MarkObjects: 1.523300 ms  DeleteObjects: 0.043700 ms)

========================================================================
Received Prepare
Registering precompiled user dll's ...
Registered in 0.003177 seconds.
Begin MonoManager ReloadAssembly
Native extension for LinuxStandalone target not found
Native extension for WindowsStandalone target not found
Native extension for OSXStandalone target not found
Native extension for WebGL target not found
Refreshing native plugins compatible for Editor in 0.36 ms, found 2 plugins.
Preloading 0 native plugins for Editor in 0.00 ms.
Mono: successfully reloaded assembly
- Completed reload, in  0.808 seconds
Platform modules already initialized, skipping
Shader 'Universal Render Pipeline/Particles/Lit': fallback shader 'Universal Render Pipeline/Particles/SimpleLit' not found
Refreshing native plugins compatible for Editor in 0.37 ms, found 2 plugins.
Preloading 0 native plugins for Editor in 0.00 ms.
Unloading 2591 Unused Serialized files (Serialized files now loaded: 0)
System memory in use before: 117.1 MB.
System memory in use after: 117.3 MB.

Unloading 15 unused Assets to reduce memory usage. Loaded Objects now: 3102.
Total: 1.730700 ms (FindLiveObjects: 0.172500 ms CreateObjectMapping: 0.085300 ms MarkObjects: 1.433500 ms  DeleteObjects: 0.038700 ms)

========================================================================
Received Prepare
Registering precompiled user dll's ...
Registered in 0.003067 seconds.
Begin MonoManager ReloadAssembly
Native extension for LinuxStandalone target not found
Native extension for WindowsStandalone target not found
Native extension for OSXStandalone target not found
Native extension for WebGL target not found
Refreshing native plugins compatible for Editor in 0.36 ms, found 2 plugins.
Preloading 0 native plugins for Editor in 0.00 ms.
Mono: successfully reloaded assembly
- Completed reload, in  0.809 seconds
Platform modules already initialized, skipping
Shader 'Universal Render Pipeline/Particles/Lit': fallback shader 'Universal Render Pipeline/Particles/SimpleLit' not found
Refreshing native plugins compatible for Editor in 0.36 ms, found 2 plugins.
Preloading 0 native plugins for Editor in 0.00 ms.
Unloading 2591 Unused Serialized files (Serialized files now loaded: 0)
System memory in use before: 117.1 MB.
System memory in use after: 117.3 MB.

Unloading 15 unused Assets to reduce memory usage. Loaded Objects now: 3105.
Total: 1.722600 ms (FindLiveObjects: 0.180600 ms CreateObjectMapping: 0.088800 ms MarkObjects: 1.410300 ms  DeleteObjects: 0.042000 ms)

========================================================================
Received Prepare
Registering precompiled user dll's ...
Registered in 0.003296 seconds.
Begin MonoManager ReloadAssembly
Native extension for LinuxStandalone target not found
Native extension for WindowsStandalone target not found
Native extension for OSXStandalone target not found
Native extension for WebGL target not found
Refreshing native plugins compatible for Editor in 0.36 ms, found 2 plugins.
Preloading 0 native plugins for Editor in 0.00 ms.
Mono: successfully reloaded assembly
- Completed reload, in  0.793 seconds
Platform modules already initialized, skipping
Shader 'Universal Render Pipeline/Particles/Lit': fallback shader 'Universal Render Pipeline/Particles/SimpleLit' not found
Refreshing native plugins compatible for Editor in 0.36 ms, found 2 plugins.
Preloading 0 native plugins for Editor in 0.00 ms.
Unloading 2591 Unused Serialized files (Serialized files now loaded: 0)
System memory in use before: 117.1 MB.
System memory in use after: 117.3 MB.

Unloading 15 unused Assets to reduce memory usage. Loaded Objects now: 3108.
Total: 1.835500 ms (FindLiveObjects: 0.186300 ms CreateObjectMapping: 0.092600 ms MarkObjects: 1.513300 ms  DeleteObjects: 0.042700 ms)

========================================================================
Received Import Request.
  Time since last request: 7044.310130 seconds.
  path: Assets/Scripts/Tree.cs
  artifactKey: Guid(c1e91f783be915d469270bc1320ddb75) Importer(815301076,1909f56bfc062723c751e8b465ee728b)
Start importing Assets/Scripts/Tree.cs using Guid(c1e91f783be915d469270bc1320ddb75) Importer(815301076,1909f56bfc062723c751e8b465ee728b)  -> (artifact id: 'd13380648bfccc4d13cb5e6ce2212714') in 0.009689 seconds
  Import took 0.014754 seconds .

========================================================================
Received Import Request.
  Time since last request: 0.001852 seconds.
  path: Assets/Scripts/Tree.cs
  artifactKey: Guid(c1e91f783be915d469270bc1320ddb75) Importer(815301076,1909f56bfc062723c751e8b465ee728b)
Start importing Assets/Scripts/Tree.cs using Guid(c1e91f783be915d469270bc1320ddb75) Importer(815301076,1909f56bfc062723c751e8b465ee728b)  -> (artifact id: 'd13380648bfccc4d13cb5e6ce2212714') in 0.001957 seconds
  Import took 0.005402 seconds .

========================================================================
Received Import Request.
  Time since last request: 26.164282 seconds.
  path: Assets/Scripts/Trunk.cs
  artifactKey: Guid(c1e91f783be915d469270bc1320ddb75) Importer(815301076,1909f56bfc062723c751e8b465ee728b)
Start importing Assets/Scripts/Trunk.cs using Guid(c1e91f783be915d469270bc1320ddb75) Importer(815301076,1909f56bfc062723c751e8b465ee728b)  -> (artifact id: '5878d474365bd5ab54d3c841ac303fb6') in 0.005966 seconds
  Import took 0.009803 seconds .

========================================================================
Received Prepare
Registering precompiled user dll's ...
Registered in 0.003044 seconds.
Begin MonoManager ReloadAssembly
Native extension for LinuxStandalone target not found
Native extension for WindowsStandalone target not found
Native extension for OSXStandalone target not found
Native extension for WebGL target not found
Refreshing native plugins compatible for Editor in 0.36 ms, found 2 plugins.
Preloading 0 native plugins for Editor in 0.00 ms.
Mono: successfully reloaded assembly
- Completed reload, in  0.801 seconds
Platform modules already initialized, skipping
Shader 'Universal Render Pipeline/Particles/Lit': fallback shader 'Universal Render Pipeline/Particles/SimpleLit' not found
Refreshing native plugins compatible for Editor in 0.37 ms, found 2 plugins.
Preloading 0 native plugins for Editor in 0.00 ms.
Unloading 2591 Unused Serialized files (Serialized files now loaded: 0)
System memory in use before: 117.1 MB.
System memory in use after: 117.3 MB.

Unloading 15 unused Assets to reduce memory usage. Loaded Objects now: 3111.
Total: 1.797100 ms (FindLiveObjects: 0.161500 ms CreateObjectMapping: 0.076100 ms MarkObjects: 1.515700 ms  DeleteObjects: 0.043100 ms)

========================================================================
Received Import Request.
  Time since last request: 43.220935 seconds.
  path: Assets/Scripts/Trunk.cs
  artifactKey: Guid(c1e91f783be915d469270bc1320ddb75) Importer(815301076,1909f56bfc062723c751e8b465ee728b)
Start importing Assets/Scripts/Trunk.cs using Guid(c1e91f783be915d469270bc1320ddb75) Importer(815301076,1909f56bfc062723c751e8b465ee728b)  -> (artifact id: '31fd4886ae01fa6946ebd2375ac92a36') in 0.005272 seconds
  Import took 0.010302 seconds .

========================================================================
Received Prepare
Registering precompiled user dll's ...
Registered in 0.003141 seconds.
Begin MonoManager ReloadAssembly
Native extension for LinuxStandalone target not found
Native extension for WindowsStandalone target not found
Native extension for OSXStandalone target not found
Native extension for WebGL target not found
Refreshing native plugins compatible for Editor in 0.36 ms, found 2 plugins.
Preloading 0 native plugins for Editor in 0.00 ms.
Mono: successfully reloaded assembly
- Completed reload, in  0.781 seconds
Platform modules already initialized, skipping
Shader 'Universal Render Pipeline/Particles/Lit': fallback shader 'Universal Render Pipeline/Particles/SimpleLit' not found
Refreshing native plugins compatible for Editor in 0.36 ms, found 2 plugins.
Preloading 0 native plugins for Editor in 0.00 ms.
Unloading 2591 Unused Serialized files (Serialized files now loaded: 0)
System memory in use before: 117.1 MB.
System memory in use after: 117.3 MB.

Unloading 15 unused Assets to reduce memory usage. Loaded Objects now: 3114.
Total: 1.809300 ms (FindLiveObjects: 0.162000 ms CreateObjectMapping: 0.080400 ms MarkObjects: 1.527500 ms  DeleteObjects: 0.038400 ms)

========================================================================
Received Import Request.
  Time since last request: 142.447084 seconds.
  path: Assets/Scripts/Plant.cs
  artifactKey: Guid(b4656eed1ced6544abb7d88ec5286c71) Importer(815301076,1909f56bfc062723c751e8b465ee728b)
Start importing Assets/Scripts/Plant.cs using Guid(b4656eed1ced6544abb7d88ec5286c71) Importer(815301076,1909f56bfc062723c751e8b465ee728b)  -> (artifact id: '038a39d53722a070777e6f35b0af6adc') in 0.010195 seconds
  Import took 0.013972 seconds .

========================================================================
Received Prepare
Registering precompiled user dll's ...
Registered in 0.003148 seconds.
Begin MonoManager ReloadAssembly
Native extension for LinuxStandalone target not found
Native extension for WindowsStandalone target not found
Native extension for OSXStandalone target not found
Native extension for WebGL target not found
Refreshing native plugins compatible for Editor in 0.46 ms, found 2 plugins.
Preloading 0 native plugins for Editor in 0.00 ms.
Mono: successfully reloaded assembly
- Completed reload, in  0.901 seconds
Platform modules already initialized, skipping
Shader 'Universal Render Pipeline/Particles/Lit': fallback shader 'Universal Render Pipeline/Particles/SimpleLit' not found
Refreshing native plugins compatible for Editor in 0.42 ms, found 2 plugins.
Preloading 0 native plugins for Editor in 0.00 ms.
Unloading 2591 Unused Serialized files (Serialized files now loaded: 0)
System memory in use before: 117.2 MB.
System memory in use after: 117.4 MB.

Unloading 15 unused Assets to reduce memory usage. Loaded Objects now: 3117.
Total: 2.174000 ms (FindLiveObjects: 0.195400 ms CreateObjectMapping: 0.105100 ms MarkObjects: 1.816800 ms  DeleteObjects: 0.055700 ms)

========================================================================
Received Import Request.
  Time since last request: 107.990738 seconds.
  path: Assets/Scripts/Plant.cs
  artifactKey: Guid(b4656eed1ced6544abb7d88ec5286c71) Importer(815301076,1909f56bfc062723c751e8b465ee728b)
Start importing Assets/Scripts/Plant.cs using Guid(b4656eed1ced6544abb7d88ec5286c71) Importer(815301076,1909f56bfc062723c751e8b465ee728b)  -> (artifact id: '7979cab7afedd110dabe35484a65790f') in 0.004898 seconds
  Import took 0.010117 seconds .

========================================================================
Received Prepare
Registering precompiled user dll's ...
Registered in 0.003061 seconds.
Begin MonoManager ReloadAssembly
Native extension for LinuxStandalone target not found
Native extension for WindowsStandalone target not found
Native extension for OSXStandalone target not found
Native extension for WebGL target not found
Refreshing native plugins compatible for Editor in 0.37 ms, found 2 plugins.
Preloading 0 native plugins for Editor in 0.00 ms.
Mono: successfully reloaded assembly
- Completed reload, in  0.812 seconds
Platform modules already initialized, skipping
Shader 'Universal Render Pipeline/Particles/Lit': fallback shader 'Universal Render Pipeline/Particles/SimpleLit' not found
Refreshing native plugins compatible for Editor in 0.36 ms, found 2 plugins.
Preloading 0 native plugins for Editor in 0.00 ms.
Unloading 2591 Unused Serialized files (Serialized files now loaded: 0)
System memory in use before: 117.2 MB.
System memory in use after: 117.4 MB.

Unloading 15 unused Assets to reduce memory usage. Loaded Objects now: 3120.
Total: 1.825900 ms (FindLiveObjects: 0.165600 ms CreateObjectMapping: 0.077100 ms MarkObjects: 1.543600 ms  DeleteObjects: 0.039000 ms)

========================================================================
Received Prepare
Registering precompiled user dll's ...
Registered in 0.003000 seconds.
Begin MonoManager ReloadAssembly
Native extension for LinuxStandalone target not found
Native extension for WindowsStandalone target not found
Native extension for OSXStandalone target not found
Native extension for WebGL target not found
Refreshing native plugins compatible for Editor in 0.39 ms, found 2 plugins.
Preloading 0 native plugins for Editor in 0.00 ms.
Mono: successfully reloaded assembly
- Completed reload, in  0.809 seconds
Platform modules already initialized, skipping
Shader 'Universal Render Pipeline/Particles/Lit': fallback shader 'Universal Render Pipeline/Particles/SimpleLit' not found
Refreshing native plugins compatible for Editor in 0.36 ms, found 2 plugins.
Preloading 0 native plugins for Editor in 0.00 ms.
Unloading 2591 Unused Serialized files (Serialized files now loaded: 0)
System memory in use before: 117.2 MB.
System memory in use after: 117.4 MB.

Unloading 15 unused Assets to reduce memory usage. Loaded Objects now: 3123.
Total: 1.889100 ms (FindLiveObjects: 0.181000 ms CreateObjectMapping: 0.094800 ms MarkObjects: 1.572000 ms  DeleteObjects: 0.040700 ms)

========================================================================
Received Prepare
Registering precompiled user dll's ...
Registered in 0.003183 seconds.
Begin MonoManager ReloadAssembly
Native extension for LinuxStandalone target not found
Native extension for WindowsStandalone target not found
Native extension for OSXStandalone target not found
Native extension for WebGL target not found
Refreshing native plugins compatible for Editor in 0.35 ms, found 2 plugins.
Preloading 0 native plugins for Editor in 0.00 ms.
Mono: successfully reloaded assembly
- Completed reload, in  0.785 seconds
Platform modules already initialized, skipping
Shader 'Universal Render Pipeline/Particles/Lit': fallback shader 'Universal Render Pipeline/Particles/SimpleLit' not found
Refreshing native plugins compatible for Editor in 0.36 ms, found 2 plugins.
Preloading 0 native plugins for Editor in 0.00 ms.
Unloading 2591 Unused Serialized files (Serialized files now loaded: 0)
System memory in use before: 117.2 MB.
System memory in use after: 117.4 MB.

Unloading 15 unused Assets to reduce memory usage. Loaded Objects now: 3126.
Total: 1.877500 ms (FindLiveObjects: 0.176300 ms CreateObjectMapping: 0.085000 ms MarkObjects: 1.574300 ms  DeleteObjects: 0.041200 ms)

========================================================================
Received Import Request.
  Time since last request: 182.675422 seconds.
  path: Assets/Prefabs/Grass.prefab
  artifactKey: Guid(7a1e04bcff654ef44885074eca8c94df) Importer(815301076,1909f56bfc062723c751e8b465ee728b)
Start importing Assets/Prefabs/Grass.prefab using Guid(7a1e04bcff654ef44885074eca8c94df) Importer(815301076,1909f56bfc062723c751e8b465ee728b)  -> (artifact id: '790cf8a451383a4a84b37f9b1cda66ea') in 0.137725 seconds
  Import took 0.141073 seconds .

========================================================================
Received Import Request.
  Time since last request: 4.118620 seconds.
  path: Assets/Prefabs/Grass.prefab
  artifactKey: Guid(7a1e04bcff654ef44885074eca8c94df) Importer(815301076,1909f56bfc062723c751e8b465ee728b)
Start importing Assets/Prefabs/Grass.prefab using Guid(7a1e04bcff654ef44885074eca8c94df) Importer(815301076,1909f56bfc062723c751e8b465ee728b)  -> (artifact id: '1051a740c62d49c3b8168c1a3b9da312') in 0.005169 seconds
  Import took 0.008520 seconds .

========================================================================
Received Prepare
Registering precompiled user dll's ...
Registered in 0.002998 seconds.
Begin MonoManager ReloadAssembly
Native extension for LinuxStandalone target not found
Native extension for WindowsStandalone target not found
Native extension for OSXStandalone target not found
Native extension for WebGL target not found
Refreshing native plugins compatible for Editor in 0.37 ms, found 2 plugins.
Preloading 0 native plugins for Editor in 0.00 ms.
Mono: successfully reloaded assembly
- Completed reload, in  0.793 seconds
Platform modules already initialized, skipping
Shader 'Universal Render Pipeline/Particles/Lit': fallback shader 'Universal Render Pipeline/Particles/SimpleLit' not found
Refreshing native plugins compatible for Editor in 0.37 ms, found 2 plugins.
Preloading 0 native plugins for Editor in 0.00 ms.
Unloading 2591 Unused Serialized files (Serialized files now loaded: 0)
System memory in use before: 117.3 MB.
System memory in use after: 117.4 MB.

Unloading 15 unused Assets to reduce memory usage. Loaded Objects now: 3130.
Total: 1.891300 ms (FindLiveObjects: 0.183000 ms CreateObjectMapping: 0.091100 ms MarkObjects: 1.573400 ms  DeleteObjects: 0.042900 ms)

========================================================================
Received Import Request.
  Time since last request: 39.514159 seconds.
  path: Assets/Prefabs/Grass.prefab
  artifactKey: Guid(7a1e04bcff654ef44885074eca8c94df) Importer(815301076,1909f56bfc062723c751e8b465ee728b)
Start importing Assets/Prefabs/Grass.prefab using Guid(7a1e04bcff654ef44885074eca8c94df) Importer(815301076,1909f56bfc062723c751e8b465ee728b)  -> (artifact id: 'bf84d55e089c40b90d47a17bc34149d2') in 0.046999 seconds
  Import took 0.050198 seconds .

========================================================================
Received Import Request.
  Time since last request: 3.356950 seconds.
  path: Assets/Prefabs/Grass.prefab
  artifactKey: Guid(7a1e04bcff654ef44885074eca8c94df) Importer(815301076,1909f56bfc062723c751e8b465ee728b)
Start importing Assets/Prefabs/Grass.prefab using Guid(7a1e04bcff654ef44885074eca8c94df) Importer(815301076,1909f56bfc062723c751e8b465ee728b)  -> (artifact id: '59316dd3189fc182b6cfe11288118cd8') in 0.005722 seconds
  Import took 0.009227 seconds .

========================================================================
Received Prepare
Registering precompiled user dll's ...
Registered in 0.003297 seconds.
Begin MonoManager ReloadAssembly
Native extension for LinuxStandalone target not found
Native extension for WindowsStandalone target not found
Native extension for OSXStandalone target not found
Native extension for WebGL target not found
Refreshing native plugins compatible for Editor in 0.36 ms, found 2 plugins.
Preloading 0 native plugins for Editor in 0.00 ms.
Mono: successfully reloaded assembly
- Completed reload, in  0.814 seconds
Platform modules already initialized, skipping
Shader 'Universal Render Pipeline/Particles/Lit': fallback shader 'Universal Render Pipeline/Particles/SimpleLit' not found
Refreshing native plugins compatible for Editor in 0.36 ms, found 2 plugins.
Preloading 0 native plugins for Editor in 0.00 ms.
Unloading 2591 Unused Serialized files (Serialized files now loaded: 0)
System memory in use before: 117.3 MB.
System memory in use after: 117.5 MB.

Unloading 15 unused Assets to reduce memory usage. Loaded Objects now: 3134.
Total: 1.783500 ms (FindLiveObjects: 0.177700 ms CreateObjectMapping: 0.086600 ms MarkObjects: 1.478000 ms  DeleteObjects: 0.040400 ms)

========================================================================
Received Prepare
Registering precompiled user dll's ...
Registered in 0.003201 seconds.
Begin MonoManager ReloadAssembly
Native extension for LinuxStandalone target not found
Native extension for WindowsStandalone target not found
Native extension for OSXStandalone target not found
Native extension for WebGL target not found
Refreshing native plugins compatible for Editor in 0.36 ms, found 2 plugins.
Preloading 0 native plugins for Editor in 0.00 ms.
Mono: successfully reloaded assembly
- Completed reload, in  0.792 seconds
Platform modules already initialized, skipping
Shader 'Universal Render Pipeline/Particles/Lit': fallback shader 'Universal Render Pipeline/Particles/SimpleLit' not found
Refreshing native plugins compatible for Editor in 0.40 ms, found 2 plugins.
Preloading 0 native plugins for Editor in 0.00 ms.
Unloading 2591 Unused Serialized files (Serialized files now loaded: 0)
System memory in use before: 117.3 MB.
System memory in use after: 117.5 MB.

Unloading 15 unused Assets to reduce memory usage. Loaded Objects now: 3137.
Total: 2.010400 ms (FindLiveObjects: 0.175900 ms CreateObjectMapping: 0.084800 ms MarkObjects: 1.703200 ms  DeleteObjects: 0.045800 ms)

========================================================================
Received Prepare
Registering precompiled user dll's ...
Registered in 0.003159 seconds.
Begin MonoManager ReloadAssembly
Native extension for LinuxStandalone target not found
Native extension for WindowsStandalone target not found
Native extension for OSXStandalone target not found
Native extension for WebGL target not found
Refreshing native plugins compatible for Editor in 0.36 ms, found 2 plugins.
Preloading 0 native plugins for Editor in 0.00 ms.
Mono: successfully reloaded assembly
- Completed reload, in  0.786 seconds
Platform modules already initialized, skipping
Shader 'Universal Render Pipeline/Particles/Lit': fallback shader 'Universal Render Pipeline/Particles/SimpleLit' not found
Refreshing native plugins compatible for Editor in 0.46 ms, found 2 plugins.
Preloading 0 native plugins for Editor in 0.00 ms.
Unloading 2591 Unused Serialized files (Serialized files now loaded: 0)
System memory in use before: 117.3 MB.
System memory in use after: 117.5 MB.

Unloading 15 unused Assets to reduce memory usage. Loaded Objects now: 3140.
Total: 1.851900 ms (FindLiveObjects: 0.185200 ms CreateObjectMapping: 0.091000 ms MarkObjects: 1.537700 ms  DeleteObjects: 0.037300 ms)

========================================================================
Received Import Request.
  Time since last request: 279.759974 seconds.
  path: Assets/Prefabs/Grass.prefab
  artifactKey: Guid(7a1e04bcff654ef44885074eca8c94df) Importer(815301076,1909f56bfc062723c751e8b465ee728b)
Start importing Assets/Prefabs/Grass.prefab using Guid(7a1e04bcff654ef44885074eca8c94df) Importer(815301076,1909f56bfc062723c751e8b465ee728b)  -> (artifact id: '4e4798ce3fde6d07ba85bc3ae51dde23') in 0.055227 seconds
  Import took 0.059029 seconds .

========================================================================
Received Import Request.
  Time since last request: 2.827085 seconds.
  path: Assets/Prefabs/Grass.prefab
  artifactKey: Guid(7a1e04bcff654ef44885074eca8c94df) Importer(815301076,1909f56bfc062723c751e8b465ee728b)
Start importing Assets/Prefabs/Grass.prefab using Guid(7a1e04bcff654ef44885074eca8c94df) Importer(815301076,1909f56bfc062723c751e8b465ee728b)  -> (artifact id: 'c0fb9e6f8af20aa803e16d5b1c78d050') in 0.012472 seconds
  Import took 0.015756 seconds .

========================================================================
Received Import Request.
  Time since last request: 4.298884 seconds.
  path: Assets/Prefabs/Tree.prefab
  artifactKey: Guid(1ff8f5555e5988646b25ac414a1a44ef) Importer(815301076,1909f56bfc062723c751e8b465ee728b)
Start importing Assets/Prefabs/Tree.prefab using Guid(1ff8f5555e5988646b25ac414a1a44ef) Importer(815301076,1909f56bfc062723c751e8b465ee728b)  -> (artifact id: '159e248a72e5904b87f6f7e34eee720b') in 0.012391 seconds
  Import took 0.015824 seconds .

========================================================================
Received Import Request.
  Time since last request: 0.000514 seconds.
  path: Assets/Prefabs/Tree.prefab
  artifactKey: Guid(1ff8f5555e5988646b25ac414a1a44ef) Importer(815301076,1909f56bfc062723c751e8b465ee728b)
Start importing Assets/Prefabs/Tree.prefab using Guid(1ff8f5555e5988646b25ac414a1a44ef) Importer(815301076,1909f56bfc062723c751e8b465ee728b)  -> (artifact id: '159e248a72e5904b87f6f7e34eee720b') in 0.030706 seconds
  Import took 0.033864 seconds .

========================================================================
Received Import Request.
  Time since last request: 4.829664 seconds.
  path: Assets/Prefabs/Tree.prefab
  artifactKey: Guid(1ff8f5555e5988646b25ac414a1a44ef) Importer(815301076,1909f56bfc062723c751e8b465ee728b)
Start importing Assets/Prefabs/Tree.prefab using Guid(1ff8f5555e5988646b25ac414a1a44ef) Importer(815301076,1909f56bfc062723c751e8b465ee728b)  -> (artifact id: 'f32e4228c8036b14d807a26fc18998b4') in 0.011370 seconds
  Import took 0.014614 seconds .

========================================================================
Received Prepare
Registering precompiled user dll's ...
Registered in 0.003404 seconds.
Begin MonoManager ReloadAssembly
Native extension for LinuxStandalone target not found
Native extension for WindowsStandalone target not found
Native extension for OSXStandalone target not found
Native extension for WebGL target not found
Refreshing native plugins compatible for Editor in 0.51 ms, found 2 plugins.
Preloading 0 native plugins for Editor in 0.00 ms.
Mono: successfully reloaded assembly
- Completed reload, in  0.819 seconds
Platform modules already initialized, skipping
Shader 'Universal Render Pipeline/Particles/Lit': fallback shader 'Universal Render Pipeline/Particles/SimpleLit' not found
Refreshing native plugins compatible for Editor in 0.37 ms, found 2 plugins.
Preloading 0 native plugins for Editor in 0.00 ms.
Unloading 2591 Unused Serialized files (Serialized files now loaded: 0)
System memory in use before: 117.3 MB.
System memory in use after: 117.5 MB.

Unloading 15 unused Assets to reduce memory usage. Loaded Objects now: 3144.
Total: 1.932500 ms (FindLiveObjects: 0.183500 ms CreateObjectMapping: 0.090700 ms MarkObjects: 1.613300 ms  DeleteObjects: 0.044100 ms)

========================================================================
Received Prepare
Registering precompiled user dll's ...
Registered in 0.003097 seconds.
Begin MonoManager ReloadAssembly
Native extension for LinuxStandalone target not found
Native extension for WindowsStandalone target not found
Native extension for OSXStandalone target not found
Native extension for WebGL target not found
Refreshing native plugins compatible for Editor in 0.37 ms, found 2 plugins.
Preloading 0 native plugins for Editor in 0.00 ms.
Mono: successfully reloaded assembly
- Completed reload, in  0.782 seconds
Platform modules already initialized, skipping
Shader 'Universal Render Pipeline/Particles/Lit': fallback shader 'Universal Render Pipeline/Particles/SimpleLit' not found
Refreshing native plugins compatible for Editor in 0.36 ms, found 2 plugins.
Preloading 0 native plugins for Editor in 0.00 ms.
Unloading 2591 Unused Serialized files (Serialized files now loaded: 0)
System memory in use before: 117.3 MB.
System memory in use after: 117.5 MB.

Unloading 15 unused Assets to reduce memory usage. Loaded Objects now: 3147.
Total: 2.243500 ms (FindLiveObjects: 0.205700 ms CreateObjectMapping: 0.084700 ms MarkObjects: 1.884500 ms  DeleteObjects: 0.067800 ms)

========================================================================
Received Import Request.
  Time since last request: 56.010013 seconds.
  path: Assets/Prefabs/Tree.prefab
  artifactKey: Guid(1ff8f5555e5988646b25ac414a1a44ef) Importer(815301076,1909f56bfc062723c751e8b465ee728b)
Start importing Assets/Prefabs/Tree.prefab using Guid(1ff8f5555e5988646b25ac414a1a44ef) Importer(815301076,1909f56bfc062723c751e8b465ee728b)  -> (artifact id: '1fd517222cdb2fb9a8a04d1b93ac3d53') in 0.053023 seconds
  Import took 0.057584 seconds .

========================================================================
Received Import Request.
  Time since last request: 13.899789 seconds.
  path: Assets/Prefabs/Grass.prefab
  artifactKey: Guid(7a1e04bcff654ef44885074eca8c94df) Importer(815301076,1909f56bfc062723c751e8b465ee728b)
Start importing Assets/Prefabs/Grass.prefab using Guid(7a1e04bcff654ef44885074eca8c94df) Importer(815301076,1909f56bfc062723c751e8b465ee728b)  -> (artifact id: '08aef55e4e2f17ecc1545f0a3013b4da') in 0.011028 seconds
  Import took 0.014083 seconds .

========================================================================
Received Prepare
Registering precompiled user dll's ...
Registered in 0.003133 seconds.
Begin MonoManager ReloadAssembly
Native extension for LinuxStandalone target not found
Native extension for WindowsStandalone target not found
Native extension for OSXStandalone target not found
Native extension for WebGL target not found
Refreshing native plugins compatible for Editor in 0.36 ms, found 2 plugins.
Preloading 0 native plugins for Editor in 0.00 ms.
Mono: successfully reloaded assembly
- Completed reload, in  0.784 seconds
Platform modules already initialized, skipping
Shader 'Universal Render Pipeline/Particles/Lit': fallback shader 'Universal Render Pipeline/Particles/SimpleLit' not found
Refreshing native plugins compatible for Editor in 0.36 ms, found 2 plugins.
Preloading 0 native plugins for Editor in 0.00 ms.
Unloading 2591 Unused Serialized files (Serialized files now loaded: 0)
System memory in use before: 117.3 MB.
System memory in use after: 117.5 MB.

Unloading 15 unused Assets to reduce memory usage. Loaded Objects now: 3151.
Total: 1.856200 ms (FindLiveObjects: 0.166700 ms CreateObjectMapping: 0.080700 ms MarkObjects: 1.570700 ms  DeleteObjects: 0.037600 ms)

========================================================================
Received Prepare
Registering precompiled user dll's ...
Registered in 0.003103 seconds.
Begin MonoManager ReloadAssembly
Native extension for LinuxStandalone target not found
Native extension for WindowsStandalone target not found
Native extension for OSXStandalone target not found
Native extension for WebGL target not found
Refreshing native plugins compatible for Editor in 0.36 ms, found 2 plugins.
Preloading 0 native plugins for Editor in 0.00 ms.
Mono: successfully reloaded assembly
- Completed reload, in  0.824 seconds
Platform modules already initialized, skipping
Shader 'Universal Render Pipeline/Particles/Lit': fallback shader 'Universal Render Pipeline/Particles/SimpleLit' not found
Refreshing native plugins compatible for Editor in 0.37 ms, found 2 plugins.
Preloading 0 native plugins for Editor in 0.00 ms.
Unloading 2591 Unused Serialized files (Serialized files now loaded: 0)
System memory in use before: 117.3 MB.
System memory in use after: 117.5 MB.

Unloading 15 unused Assets to reduce memory usage. Loaded Objects now: 3154.
Total: 1.870100 ms (FindLiveObjects: 0.172000 ms CreateObjectMapping: 0.084000 ms MarkObjects: 1.575700 ms  DeleteObjects: 0.037700 ms)

========================================================================
Received Prepare
Registering precompiled user dll's ...
Registered in 0.003064 seconds.
Begin MonoManager ReloadAssembly
Native extension for LinuxStandalone target not found
Native extension for WindowsStandalone target not found
Native extension for OSXStandalone target not found
Native extension for WebGL target not found
Refreshing native plugins compatible for Editor in 0.37 ms, found 2 plugins.
Preloading 0 native plugins for Editor in 0.00 ms.
Mono: successfully reloaded assembly
- Completed reload, in  0.802 seconds
Platform modules already initialized, skipping
Shader 'Universal Render Pipeline/Particles/Lit': fallback shader 'Universal Render Pipeline/Particles/SimpleLit' not found
Refreshing native plugins compatible for Editor in 0.36 ms, found 2 plugins.
Preloading 0 native plugins for Editor in 0.00 ms.
Unloading 2591 Unused Serialized files (Serialized files now loaded: 0)
System memory in use before: 117.3 MB.
System memory in use after: 117.5 MB.

Unloading 15 unused Assets to reduce memory usage. Loaded Objects now: 3157.
Total: 1.833800 ms (FindLiveObjects: 0.168400 ms CreateObjectMapping: 0.080200 ms MarkObjects: 1.542500 ms  DeleteObjects: 0.042100 ms)

========================================================================
Received Prepare
Registering precompiled user dll's ...
Registered in 0.003229 seconds.
Begin MonoManager ReloadAssembly
Native extension for LinuxStandalone target not found
Native extension for WindowsStandalone target not found
Native extension for OSXStandalone target not found
Native extension for WebGL target not found
Refreshing native plugins compatible for Editor in 0.37 ms, found 2 plugins.
Preloading 0 native plugins for Editor in 0.00 ms.
Mono: successfully reloaded assembly
- Completed reload, in  0.787 seconds
Platform modules already initialized, skipping
Shader 'Universal Render Pipeline/Particles/Lit': fallback shader 'Universal Render Pipeline/Particles/SimpleLit' not found
Refreshing native plugins compatible for Editor in 0.36 ms, found 2 plugins.
Preloading 0 native plugins for Editor in 0.00 ms.
Unloading 2591 Unused Serialized files (Serialized files now loaded: 0)
System memory in use before: 117.3 MB.
System memory in use after: 117.5 MB.

Unloading 15 unused Assets to reduce memory usage. Loaded Objects now: 3160.
Total: 1.848600 ms (FindLiveObjects: 0.224200 ms CreateObjectMapping: 0.097000 ms MarkObjects: 1.481900 ms  DeleteObjects: 0.044700 ms)

========================================================================
Received Prepare
Registering precompiled user dll's ...
Registered in 0.003100 seconds.
Begin MonoManager ReloadAssembly
Native extension for LinuxStandalone target not found
Native extension for WindowsStandalone target not found
Native extension for OSXStandalone target not found
Native extension for WebGL target not found
Refreshing native plugins compatible for Editor in 0.37 ms, found 2 plugins.
Preloading 0 native plugins for Editor in 0.00 ms.
Mono: successfully reloaded assembly
- Completed reload, in  0.795 seconds
Platform modules already initialized, skipping
Shader 'Universal Render Pipeline/Particles/Lit': fallback shader 'Universal Render Pipeline/Particles/SimpleLit' not found
Refreshing native plugins compatible for Editor in 0.37 ms, found 2 plugins.
Preloading 0 native plugins for Editor in 0.00 ms.
Unloading 2591 Unused Serialized files (Serialized files now loaded: 0)
System memory in use before: 117.3 MB.
System memory in use after: 117.5 MB.

Unloading 15 unused Assets to reduce memory usage. Loaded Objects now: 3163.
Total: 1.818100 ms (FindLiveObjects: 0.167700 ms CreateObjectMapping: 0.077400 ms MarkObjects: 1.530500 ms  DeleteObjects: 0.041600 ms)

========================================================================
Received Prepare
Registering precompiled user dll's ...
Registered in 0.003034 seconds.
Begin MonoManager ReloadAssembly
Native extension for LinuxStandalone target not found
Native extension for WindowsStandalone target not found
Native extension for OSXStandalone target not found
Native extension for WebGL target not found
Refreshing native plugins compatible for Editor in 0.36 ms, found 2 plugins.
Preloading 0 native plugins for Editor in 0.00 ms.
Mono: successfully reloaded assembly
- Completed reload, in  0.785 seconds
Platform modules already initialized, skipping
Shader 'Universal Render Pipeline/Particles/Lit': fallback shader 'Universal Render Pipeline/Particles/SimpleLit' not found
Refreshing native plugins compatible for Editor in 0.36 ms, found 2 plugins.
Preloading 0 native plugins for Editor in 0.00 ms.
Unloading 2591 Unused Serialized files (Serialized files now loaded: 0)
System memory in use before: 117.3 MB.
System memory in use after: 117.5 MB.

Unloading 15 unused Assets to reduce memory usage. Loaded Objects now: 3166.
Total: 1.833000 ms (FindLiveObjects: 0.166000 ms CreateObjectMapping: 0.080500 ms MarkObjects: 1.548200 ms  DeleteObjects: 0.037700 ms)

========================================================================
Received Import Request.
  Time since last request: 875.098867 seconds.
  path: Assets/Prefabs/Grass.prefab
  artifactKey: Guid(7a1e04bcff654ef44885074eca8c94df) Importer(815301076,1909f56bfc062723c751e8b465ee728b)
Start importing Assets/Prefabs/Grass.prefab using Guid(7a1e04bcff654ef44885074eca8c94df) Importer(815301076,1909f56bfc062723c751e8b465ee728b)  -> (artifact id: '94cee62e3dfce25c4dc12a3f054c2b31') in 0.065260 seconds
  Import took 0.068817 seconds .

========================================================================
Received Prepare
Registering precompiled user dll's ...
Registered in 0.003846 seconds.
Begin MonoManager ReloadAssembly
Native extension for LinuxStandalone target not found
Native extension for WindowsStandalone target not found
Native extension for OSXStandalone target not found
Native extension for WebGL target not found
Refreshing native plugins compatible for Editor in 0.39 ms, found 2 plugins.
Preloading 0 native plugins for Editor in 0.00 ms.
Mono: successfully reloaded assembly
- Completed reload, in  0.807 seconds
Platform modules already initialized, skipping
Shader 'Universal Render Pipeline/Particles/Lit': fallback shader 'Universal Render Pipeline/Particles/SimpleLit' not found
Refreshing native plugins compatible for Editor in 0.36 ms, found 2 plugins.
Preloading 0 native plugins for Editor in 0.00 ms.
Unloading 2591 Unused Serialized files (Serialized files now loaded: 0)
System memory in use before: 117.3 MB.
System memory in use after: 117.5 MB.

Unloading 15 unused Assets to reduce memory usage. Loaded Objects now: 3170.
Total: 1.878300 ms (FindLiveObjects: 0.181300 ms CreateObjectMapping: 0.085800 ms MarkObjects: 1.567900 ms  DeleteObjects: 0.042400 ms)

========================================================================
Received Import Request.
  Time since last request: 892.759659 seconds.
  path: Assets/Scripts/Trunk.cs
  artifactKey: Guid(c1e91f783be915d469270bc1320ddb75) Importer(815301076,1909f56bfc062723c751e8b465ee728b)
Start importing Assets/Scripts/Trunk.cs using Guid(c1e91f783be915d469270bc1320ddb75) Importer(815301076,1909f56bfc062723c751e8b465ee728b)  -> (artifact id: 'a5255e330e6c17ca94e8fed33ec36155') in 0.009482 seconds
  Import took 0.013892 seconds .

========================================================================
Received Import Request.
  Time since last request: 1.370127 seconds.
  path: Assets/Scripts/Plant.cs
  artifactKey: Guid(b4656eed1ced6544abb7d88ec5286c71) Importer(815301076,1909f56bfc062723c751e8b465ee728b)
Start importing Assets/Scripts/Plant.cs using Guid(b4656eed1ced6544abb7d88ec5286c71) Importer(815301076,1909f56bfc062723c751e8b465ee728b)  -> (artifact id: 'c377374e0217c924533097c8a4c47cda') in 0.001729 seconds
  Import took 0.005141 seconds .

========================================================================
Received Import Request.
  Time since last request: 6.334759 seconds.
  path: Assets/Scripts/Grass.cs
  artifactKey: Guid(5346a0ef13b7ee944a58ce6a4b348d3c) Importer(815301076,1909f56bfc062723c751e8b465ee728b)
Start importing Assets/Scripts/Grass.cs using Guid(5346a0ef13b7ee944a58ce6a4b348d3c) Importer(815301076,1909f56bfc062723c751e8b465ee728b)  -> (artifact id: '76493c34749863a5b509a6f2c60a9757') in 0.001733 seconds
  Import took 0.005118 seconds .

========================================================================
Received Import Request.
  Time since last request: 0.024498 seconds.
  path: Assets/Scripts/Grass.cs
  artifactKey: Guid(5346a0ef13b7ee944a58ce6a4b348d3c) Importer(815301076,1909f56bfc062723c751e8b465ee728b)
Start importing Assets/Scripts/Grass.cs using Guid(5346a0ef13b7ee944a58ce6a4b348d3c) Importer(815301076,1909f56bfc062723c751e8b465ee728b)  -> (artifact id: '76493c34749863a5b509a6f2c60a9757') in 0.001439 seconds
  Import took 0.004933 seconds .

========================================================================
Received Prepare
Registering precompiled user dll's ...
Registered in 0.003061 seconds.
Begin MonoManager ReloadAssembly
Native extension for LinuxStandalone target not found
Native extension for WindowsStandalone target not found
Native extension for OSXStandalone target not found
Native extension for WebGL target not found
Refreshing native plugins compatible for Editor in 0.37 ms, found 2 plugins.
Preloading 0 native plugins for Editor in 0.00 ms.
Mono: successfully reloaded assembly
- Completed reload, in  0.818 seconds
Platform modules already initialized, skipping
Shader 'Universal Render Pipeline/Particles/Lit': fallback shader 'Universal Render Pipeline/Particles/SimpleLit' not found
Refreshing native plugins compatible for Editor in 0.45 ms, found 2 plugins.
Preloading 0 native plugins for Editor in 0.00 ms.
Unloading 2591 Unused Serialized files (Serialized files now loaded: 0)
System memory in use before: 117.3 MB.
System memory in use after: 117.5 MB.

Unloading 15 unused Assets to reduce memory usage. Loaded Objects now: 3173.
Total: 1.966200 ms (FindLiveObjects: 0.193400 ms CreateObjectMapping: 0.099800 ms MarkObjects: 1.625300 ms  DeleteObjects: 0.046800 ms)

========================================================================
Received Prepare
Registering precompiled user dll's ...
Registered in 0.003124 seconds.
Begin MonoManager ReloadAssembly
Native extension for LinuxStandalone target not found
Native extension for WindowsStandalone target not found
Native extension for OSXStandalone target not found
Native extension for WebGL target not found
Refreshing native plugins compatible for Editor in 0.36 ms, found 2 plugins.
Preloading 0 native plugins for Editor in 0.00 ms.
Mono: successfully reloaded assembly
- Completed reload, in  0.780 seconds
Platform modules already initialized, skipping
Shader 'Universal Render Pipeline/Particles/Lit': fallback shader 'Universal Render Pipeline/Particles/SimpleLit' not found
Refreshing native plugins compatible for Editor in 0.36 ms, found 2 plugins.
Preloading 0 native plugins for Editor in 0.00 ms.
Unloading 2591 Unused Serialized files (Serialized files now loaded: 0)
System memory in use before: 117.4 MB.
System memory in use after: 117.5 MB.

Unloading 15 unused Assets to reduce memory usage. Loaded Objects now: 3176.
Total: 1.876100 ms (FindLiveObjects: 0.168800 ms CreateObjectMapping: 0.081100 ms MarkObjects: 1.585700 ms  DeleteObjects: 0.039600 ms)

========================================================================
Received Import Request.
  Time since last request: 57.024555 seconds.
  path: Assets/Prefabs/Grass.prefab
  artifactKey: Guid(7a1e04bcff654ef44885074eca8c94df) Importer(815301076,1909f56bfc062723c751e8b465ee728b)
Start importing Assets/Prefabs/Grass.prefab using Guid(7a1e04bcff654ef44885074eca8c94df) Importer(815301076,1909f56bfc062723c751e8b465ee728b)  -> (artifact id: '3770e97068a5666656c3a234996ec27e') in 0.051235 seconds
  Import took 0.055117 seconds .

========================================================================
Received Prepare
Registering precompiled user dll's ...
Registered in 0.003206 seconds.
Begin MonoManager ReloadAssembly
Native extension for LinuxStandalone target not found
Native extension for WindowsStandalone target not found
Native extension for OSXStandalone target not found
Native extension for WebGL target not found
Refreshing native plugins compatible for Editor in 0.36 ms, found 2 plugins.
Preloading 0 native plugins for Editor in 0.00 ms.
Mono: successfully reloaded assembly
- Completed reload, in  0.785 seconds
Platform modules already initialized, skipping
Shader 'Universal Render Pipeline/Particles/Lit': fallback shader 'Universal Render Pipeline/Particles/SimpleLit' not found
Refreshing native plugins compatible for Editor in 0.37 ms, found 2 plugins.
Preloading 0 native plugins for Editor in 0.00 ms.
Unloading 2591 Unused Serialized files (Serialized files now loaded: 0)
System memory in use before: 117.4 MB.
System memory in use after: 117.6 MB.

Unloading 15 unused Assets to reduce memory usage. Loaded Objects now: 3180.
Total: 2.013200 ms (FindLiveObjects: 0.177600 ms CreateObjectMapping: 0.084000 ms MarkObjects: 1.705400 ms  DeleteObjects: 0.045300 ms)

========================================================================
Received Prepare
Registering precompiled user dll's ...
Registered in 0.003085 seconds.
Begin MonoManager ReloadAssembly
Native extension for LinuxStandalone target not found
Native extension for WindowsStandalone target not found
Native extension for OSXStandalone target not found
Native extension for WebGL target not found
Refreshing native plugins compatible for Editor in 0.35 ms, found 2 plugins.
Preloading 0 native plugins for Editor in 0.00 ms.
Mono: successfully reloaded assembly
- Completed reload, in  0.797 seconds
Platform modules already initialized, skipping
Shader 'Universal Render Pipeline/Particles/Lit': fallback shader 'Universal Render Pipeline/Particles/SimpleLit' not found
Refreshing native plugins compatible for Editor in 0.36 ms, found 2 plugins.
Preloading 0 native plugins for Editor in 0.00 ms.
Unloading 2591 Unused Serialized files (Serialized files now loaded: 0)
System memory in use before: 117.4 MB.
System memory in use after: 117.6 MB.

Unloading 15 unused Assets to reduce memory usage. Loaded Objects now: 3183.
Total: 1.892900 ms (FindLiveObjects: 0.184400 ms CreateObjectMapping: 0.087400 ms MarkObjects: 1.577700 ms  DeleteObjects: 0.042800 ms)

========================================================================
Received Prepare
Registering precompiled user dll's ...
Registered in 0.003177 seconds.
Begin MonoManager ReloadAssembly
Native extension for LinuxStandalone target not found
Native extension for WindowsStandalone target not found
Native extension for OSXStandalone target not found
Native extension for WebGL target not found
Refreshing native plugins compatible for Editor in 0.40 ms, found 2 plugins.
Preloading 0 native plugins for Editor in 0.00 ms.
Mono: successfully reloaded assembly
- Completed reload, in  0.802 seconds
Platform modules already initialized, skipping
Shader 'Universal Render Pipeline/Particles/Lit': fallback shader 'Universal Render Pipeline/Particles/SimpleLit' not found
Refreshing native plugins compatible for Editor in 0.36 ms, found 2 plugins.
Preloading 0 native plugins for Editor in 0.00 ms.
Unloading 2591 Unused Serialized files (Serialized files now loaded: 0)
System memory in use before: 117.4 MB.
System memory in use after: 117.6 MB.

Unloading 15 unused Assets to reduce memory usage. Loaded Objects now: 3186.
Total: 1.816900 ms (FindLiveObjects: 0.171400 ms CreateObjectMapping: 0.082000 ms MarkObjects: 1.522500 ms  DeleteObjects: 0.040300 ms)

========================================================================
Received Prepare
Registering precompiled user dll's ...
Registered in 0.003717 seconds.
Begin MonoManager ReloadAssembly
Native extension for LinuxStandalone target not found
Native extension for WindowsStandalone target not found
Native extension for OSXStandalone target not found
Native extension for WebGL target not found
Refreshing native plugins compatible for Editor in 0.36 ms, found 2 plugins.
Preloading 0 native plugins for Editor in 0.00 ms.
Mono: successfully reloaded assembly
- Completed reload, in  0.786 seconds
Platform modules already initialized, skipping
Shader 'Universal Render Pipeline/Particles/Lit': fallback shader 'Universal Render Pipeline/Particles/SimpleLit' not found
Refreshing native plugins compatible for Editor in 0.37 ms, found 2 plugins.
Preloading 0 native plugins for Editor in 0.00 ms.
Unloading 2591 Unused Serialized files (Serialized files now loaded: 0)
System memory in use before: 117.4 MB.
System memory in use after: 117.6 MB.

Unloading 15 unused Assets to reduce memory usage. Loaded Objects now: 3189.
Total: 1.763700 ms (FindLiveObjects: 0.189700 ms CreateObjectMapping: 0.095900 ms MarkObjects: 1.436400 ms  DeleteObjects: 0.041000 ms)

========================================================================
Received Prepare
Registering precompiled user dll's ...
Registered in 0.003052 seconds.
Begin MonoManager ReloadAssembly
Native extension for LinuxStandalone target not found
Native extension for WindowsStandalone target not found
Native extension for OSXStandalone target not found
Native extension for WebGL target not found
Refreshing native plugins compatible for Editor in 0.38 ms, found 2 plugins.
Preloading 0 native plugins for Editor in 0.00 ms.
Mono: successfully reloaded assembly
- Completed reload, in  0.830 seconds
Platform modules already initialized, skipping
Shader 'Universal Render Pipeline/Particles/Lit': fallback shader 'Universal Render Pipeline/Particles/SimpleLit' not found
Refreshing native plugins compatible for Editor in 0.36 ms, found 2 plugins.
Preloading 0 native plugins for Editor in 0.00 ms.
Unloading 2591 Unused Serialized files (Serialized files now loaded: 0)
System memory in use before: 117.4 MB.
System memory in use after: 117.6 MB.

Unloading 15 unused Assets to reduce memory usage. Loaded Objects now: 3192.
Total: 2.165300 ms (FindLiveObjects: 0.189400 ms CreateObjectMapping: 0.093000 ms MarkObjects: 1.830000 ms  DeleteObjects: 0.052000 ms)

========================================================================
Received Prepare
Registering precompiled user dll's ...
Registered in 0.003077 seconds.
Begin MonoManager ReloadAssembly
Native extension for LinuxStandalone target not found
Native extension for WindowsStandalone target not found
Native extension for OSXStandalone target not found
Native extension for WebGL target not found
Refreshing native plugins compatible for Editor in 0.36 ms, found 2 plugins.
Preloading 0 native plugins for Editor in 0.00 ms.
Mono: successfully reloaded assembly
- Completed reload, in  0.795 seconds
Platform modules already initialized, skipping
Shader 'Universal Render Pipeline/Particles/Lit': fallback shader 'Universal Render Pipeline/Particles/SimpleLit' not found
Refreshing native plugins compatible for Editor in 0.37 ms, found 2 plugins.
Preloading 0 native plugins for Editor in 0.00 ms.
Unloading 2591 Unused Serialized files (Serialized files now loaded: 0)
System memory in use before: 117.4 MB.
System memory in use after: 117.6 MB.

Unloading 15 unused Assets to reduce memory usage. Loaded Objects now: 3195.
Total: 1.872700 ms (FindLiveObjects: 0.199300 ms CreateObjectMapping: 0.097900 ms MarkObjects: 1.529500 ms  DeleteObjects: 0.045200 ms)

========================================================================
Received Prepare
Registering precompiled user dll's ...
Registered in 0.003236 seconds.
Begin MonoManager ReloadAssembly
Native extension for LinuxStandalone target not found
Native extension for WindowsStandalone target not found
Native extension for OSXStandalone target not found
Native extension for WebGL target not found
Refreshing native plugins compatible for Editor in 0.42 ms, found 2 plugins.
Preloading 0 native plugins for Editor in 0.00 ms.
Mono: successfully reloaded assembly
- Completed reload, in  0.787 seconds
Platform modules already initialized, skipping
Shader 'Universal Render Pipeline/Particles/Lit': fallback shader 'Universal Render Pipeline/Particles/SimpleLit' not found
Refreshing native plugins compatible for Editor in 0.38 ms, found 2 plugins.
Preloading 0 native plugins for Editor in 0.00 ms.
Unloading 2591 Unused Serialized files (Serialized files now loaded: 0)
System memory in use before: 117.4 MB.
System memory in use after: 117.6 MB.

Unloading 15 unused Assets to reduce memory usage. Loaded Objects now: 3198.
Total: 1.854300 ms (FindLiveObjects: 0.178700 ms CreateObjectMapping: 0.084500 ms MarkObjects: 1.550200 ms  DeleteObjects: 0.040200 ms)

========================================================================
Received Prepare
Registering precompiled user dll's ...
Registered in 0.003063 seconds.
Begin MonoManager ReloadAssembly
Native extension for LinuxStandalone target not found
Native extension for WindowsStandalone target not found
Native extension for OSXStandalone target not found
Native extension for WebGL target not found
Refreshing native plugins compatible for Editor in 0.36 ms, found 2 plugins.
Preloading 0 native plugins for Editor in 0.00 ms.
Mono: successfully reloaded assembly
- Completed reload, in  0.789 seconds
Platform modules already initialized, skipping
Shader 'Universal Render Pipeline/Particles/Lit': fallback shader 'Universal Render Pipeline/Particles/SimpleLit' not found
Refreshing native plugins compatible for Editor in 0.36 ms, found 2 plugins.
Preloading 0 native plugins for Editor in 0.00 ms.
Unloading 2591 Unused Serialized files (Serialized files now loaded: 0)
System memory in use before: 117.4 MB.
System memory in use after: 117.6 MB.

Unloading 15 unused Assets to reduce memory usage. Loaded Objects now: 3201.
Total: 1.793200 ms (FindLiveObjects: 0.172500 ms CreateObjectMapping: 0.084100 ms MarkObjects: 1.472000 ms  DeleteObjects: 0.064100 ms)

========================================================================
Received Prepare
Registering precompiled user dll's ...
Registered in 0.003357 seconds.
Begin MonoManager ReloadAssembly
Native extension for LinuxStandalone target not found
Native extension for WindowsStandalone target not found
Native extension for OSXStandalone target not found
Native extension for WebGL target not found
Refreshing native plugins compatible for Editor in 0.36 ms, found 2 plugins.
Preloading 0 native plugins for Editor in 0.00 ms.
Mono: successfully reloaded assembly
- Completed reload, in  0.795 seconds
Platform modules already initialized, skipping
Shader 'Universal Render Pipeline/Particles/Lit': fallback shader 'Universal Render Pipeline/Particles/SimpleLit' not found
Refreshing native plugins compatible for Editor in 0.38 ms, found 2 plugins.
Preloading 0 native plugins for Editor in 0.00 ms.
Unloading 2591 Unused Serialized files (Serialized files now loaded: 0)
System memory in use before: 117.4 MB.
System memory in use after: 117.6 MB.

Unloading 15 unused Assets to reduce memory usage. Loaded Objects now: 3204.
Total: 1.854800 ms (FindLiveObjects: 0.173600 ms CreateObjectMapping: 0.078900 ms MarkObjects: 1.557700 ms  DeleteObjects: 0.043900 ms)

========================================================================
Received Prepare
Registering precompiled user dll's ...
Registered in 0.003017 seconds.
Begin MonoManager ReloadAssembly
Native extension for LinuxStandalone target not found
Native extension for WindowsStandalone target not found
Native extension for OSXStandalone target not found
Native extension for WebGL target not found
Refreshing native plugins compatible for Editor in 0.37 ms, found 2 plugins.
Preloading 0 native plugins for Editor in 0.00 ms.
Mono: successfully reloaded assembly
- Completed reload, in  0.812 seconds
Platform modules already initialized, skipping
Shader 'Universal Render Pipeline/Particles/Lit': fallback shader 'Universal Render Pipeline/Particles/SimpleLit' not found
Refreshing native plugins compatible for Editor in 0.38 ms, found 2 plugins.
Preloading 0 native plugins for Editor in 0.00 ms.
Unloading 2591 Unused Serialized files (Serialized files now loaded: 0)
System memory in use before: 117.4 MB.
System memory in use after: 117.6 MB.

Unloading 15 unused Assets to reduce memory usage. Loaded Objects now: 3207.
Total: 1.772100 ms (FindLiveObjects: 0.176000 ms CreateObjectMapping: 0.085700 ms MarkObjects: 1.469700 ms  DeleteObjects: 0.040000 ms)

========================================================================
Received Prepare
Registering precompiled user dll's ...
Registered in 0.002904 seconds.
Begin MonoManager ReloadAssembly
Native extension for LinuxStandalone target not found
Native extension for WindowsStandalone target not found
Native extension for OSXStandalone target not found
Native extension for WebGL target not found
Refreshing native plugins compatible for Editor in 0.36 ms, found 2 plugins.
Preloading 0 native plugins for Editor in 0.00 ms.
Mono: successfully reloaded assembly
- Completed reload, in  0.802 seconds
Platform modules already initialized, skipping
Shader 'Universal Render Pipeline/Particles/Lit': fallback shader 'Universal Render Pipeline/Particles/SimpleLit' not found
Refreshing native plugins compatible for Editor in 0.38 ms, found 2 plugins.
Preloading 0 native plugins for Editor in 0.00 ms.
Unloading 2591 Unused Serialized files (Serialized files now loaded: 0)
System memory in use before: 117.4 MB.
System memory in use after: 117.6 MB.

Unloading 15 unused Assets to reduce memory usage. Loaded Objects now: 3210.
Total: 1.929600 ms (FindLiveObjects: 0.184700 ms CreateObjectMapping: 0.091800 ms MarkObjects: 1.609900 ms  DeleteObjects: 0.042500 ms)

========================================================================
Received Prepare
Registering precompiled user dll's ...
Registered in 0.003107 seconds.
Begin MonoManager ReloadAssembly
Native extension for LinuxStandalone target not found
Native extension for WindowsStandalone target not found
Native extension for OSXStandalone target not found
Native extension for WebGL target not found
Refreshing native plugins compatible for Editor in 0.37 ms, found 2 plugins.
Preloading 0 native plugins for Editor in 0.00 ms.
Mono: successfully reloaded assembly
- Completed reload, in  0.829 seconds
Platform modules already initialized, skipping
Shader 'Universal Render Pipeline/Particles/Lit': fallback shader 'Universal Render Pipeline/Particles/SimpleLit' not found
Refreshing native plugins compatible for Editor in 0.42 ms, found 2 plugins.
Preloading 0 native plugins for Editor in 0.00 ms.
Unloading 2591 Unused Serialized files (Serialized files now loaded: 0)
System memory in use before: 117.4 MB.
System memory in use after: 117.6 MB.

Unloading 15 unused Assets to reduce memory usage. Loaded Objects now: 3213.
Total: 1.796900 ms (FindLiveObjects: 0.184400 ms CreateObjectMapping: 0.085400 ms MarkObjects: 1.482200 ms  DeleteObjects: 0.044000 ms)

========================================================================
Received Prepare
Registering precompiled user dll's ...
Registered in 0.003300 seconds.
Begin MonoManager ReloadAssembly
Native extension for LinuxStandalone target not found
Native extension for WindowsStandalone target not found
Native extension for OSXStandalone target not found
Native extension for WebGL target not found
Refreshing native plugins compatible for Editor in 0.36 ms, found 2 plugins.
Preloading 0 native plugins for Editor in 0.00 ms.
Mono: successfully reloaded assembly
- Completed reload, in  0.806 seconds
Platform modules already initialized, skipping
Shader 'Universal Render Pipeline/Particles/Lit': fallback shader 'Universal Render Pipeline/Particles/SimpleLit' not found
Refreshing native plugins compatible for Editor in 0.36 ms, found 2 plugins.
Preloading 0 native plugins for Editor in 0.00 ms.
Unloading 2591 Unused Serialized files (Serialized files now loaded: 0)
System memory in use before: 117.4 MB.
System memory in use after: 117.6 MB.

Unloading 15 unused Assets to reduce memory usage. Loaded Objects now: 3216.
Total: 1.764400 ms (FindLiveObjects: 0.176100 ms CreateObjectMapping: 0.084400 ms MarkObjects: 1.463200 ms  DeleteObjects: 0.040000 ms)

========================================================================
Received Prepare
Registering precompiled user dll's ...
Registered in 0.003258 seconds.
Begin MonoManager ReloadAssembly
Native extension for LinuxStandalone target not found
Native extension for WindowsStandalone target not found
Native extension for OSXStandalone target not found
Native extension for WebGL target not found
Refreshing native plugins compatible for Editor in 0.44 ms, found 2 plugins.
Preloading 0 native plugins for Editor in 0.00 ms.
Mono: successfully reloaded assembly
- Completed reload, in  0.803 seconds
Platform modules already initialized, skipping
Shader 'Universal Render Pipeline/Particles/Lit': fallback shader 'Universal Render Pipeline/Particles/SimpleLit' not found
Refreshing native plugins compatible for Editor in 0.37 ms, found 2 plugins.
Preloading 0 native plugins for Editor in 0.00 ms.
Unloading 2591 Unused Serialized files (Serialized files now loaded: 0)
System memory in use before: 117.4 MB.
System memory in use after: 117.6 MB.

Unloading 15 unused Assets to reduce memory usage. Loaded Objects now: 3219.
Total: 1.809800 ms (FindLiveObjects: 0.191400 ms CreateObjectMapping: 0.094200 ms MarkObjects: 1.482500 ms  DeleteObjects: 0.040900 ms)

========================================================================
Received Prepare
Registering precompiled user dll's ...
Registered in 0.003008 seconds.
Begin MonoManager ReloadAssembly
Native extension for LinuxStandalone target not found
Native extension for WindowsStandalone target not found
Native extension for OSXStandalone target not found
Native extension for WebGL target not found
Refreshing native plugins compatible for Editor in 0.36 ms, found 2 plugins.
Preloading 0 native plugins for Editor in 0.00 ms.
Mono: successfully reloaded assembly
- Completed reload, in  0.792 seconds
Platform modules already initialized, skipping
Shader 'Universal Render Pipeline/Particles/Lit': fallback shader 'Universal Render Pipeline/Particles/SimpleLit' not found
Refreshing native plugins compatible for Editor in 0.37 ms, found 2 plugins.
Preloading 0 native plugins for Editor in 0.00 ms.
Unloading 2591 Unused Serialized files (Serialized files now loaded: 0)
System memory in use before: 117.4 MB.
System memory in use after: 117.6 MB.

Unloading 15 unused Assets to reduce memory usage. Loaded Objects now: 3222.
Total: 1.839900 ms (FindLiveObjects: 0.176900 ms CreateObjectMapping: 0.080900 ms MarkObjects: 1.541800 ms  DeleteObjects: 0.039500 ms)

========================================================================
Received Prepare
Registering precompiled user dll's ...
Registered in 0.002961 seconds.
Begin MonoManager ReloadAssembly
Native extension for LinuxStandalone target not found
Native extension for WindowsStandalone target not found
Native extension for OSXStandalone target not found
Native extension for WebGL target not found
Refreshing native plugins compatible for Editor in 0.36 ms, found 2 plugins.
Preloading 0 native plugins for Editor in 0.00 ms.
Mono: successfully reloaded assembly
- Completed reload, in  0.788 seconds
Platform modules already initialized, skipping
Shader 'Universal Render Pipeline/Particles/Lit': fallback shader 'Universal Render Pipeline/Particles/SimpleLit' not found
Refreshing native plugins compatible for Editor in 0.37 ms, found 2 plugins.
Preloading 0 native plugins for Editor in 0.00 ms.
Unloading 2591 Unused Serialized files (Serialized files now loaded: 0)
System memory in use before: 117.4 MB.
System memory in use after: 117.6 MB.

Unloading 15 unused Assets to reduce memory usage. Loaded Objects now: 3225.
Total: 2.073600 ms (FindLiveObjects: 0.230300 ms CreateObjectMapping: 0.088900 ms MarkObjects: 1.679200 ms  DeleteObjects: 0.074500 ms)

========================================================================
Received Prepare
Registering precompiled user dll's ...
Registered in 0.003161 seconds.
Begin MonoManager ReloadAssembly
Native extension for LinuxStandalone target not found
Native extension for WindowsStandalone target not found
Native extension for OSXStandalone target not found
Native extension for WebGL target not found
Refreshing native plugins compatible for Editor in 0.36 ms, found 2 plugins.
Preloading 0 native plugins for Editor in 0.00 ms.
Mono: successfully reloaded assembly
- Completed reload, in  0.817 seconds
Platform modules already initialized, skipping
Shader 'Universal Render Pipeline/Particles/Lit': fallback shader 'Universal Render Pipeline/Particles/SimpleLit' not found
Refreshing native plugins compatible for Editor in 0.37 ms, found 2 plugins.
Preloading 0 native plugins for Editor in 0.00 ms.
Unloading 2591 Unused Serialized files (Serialized files now loaded: 0)
System memory in use before: 117.4 MB.
System memory in use after: 117.6 MB.

Unloading 15 unused Assets to reduce memory usage. Loaded Objects now: 3228.
Total: 1.947400 ms (FindLiveObjects: 0.193400 ms CreateObjectMapping: 0.096000 ms MarkObjects: 1.612800 ms  DeleteObjects: 0.044500 ms)

========================================================================
Received Prepare
Registering precompiled user dll's ...
Registered in 0.003063 seconds.
Begin MonoManager ReloadAssembly
Native extension for LinuxStandalone target not found
Native extension for WindowsStandalone target not found
Native extension for OSXStandalone target not found
Native extension for WebGL target not found
Refreshing native plugins compatible for Editor in 0.36 ms, found 2 plugins.
Preloading 0 native plugins for Editor in 0.00 ms.
Mono: successfully reloaded assembly
- Completed reload, in  0.793 seconds
Platform modules already initialized, skipping
Shader 'Universal Render Pipeline/Particles/Lit': fallback shader 'Universal Render Pipeline/Particles/SimpleLit' not found
Refreshing native plugins compatible for Editor in 0.36 ms, found 2 plugins.
Preloading 0 native plugins for Editor in 0.00 ms.
Unloading 2591 Unused Serialized files (Serialized files now loaded: 0)
System memory in use before: 117.4 MB.
System memory in use after: 117.6 MB.

Unloading 15 unused Assets to reduce memory usage. Loaded Objects now: 3231.
Total: 2.084200 ms (FindLiveObjects: 0.171800 ms CreateObjectMapping: 0.077100 ms MarkObjects: 1.791900 ms  DeleteObjects: 0.042600 ms)

========================================================================
Received Prepare
Registering precompiled user dll's ...
Registered in 0.003118 seconds.
Begin MonoManager ReloadAssembly
Native extension for LinuxStandalone target not found
Native extension for WindowsStandalone target not found
Native extension for OSXStandalone target not found
Native extension for WebGL target not found
Refreshing native plugins compatible for Editor in 0.36 ms, found 2 plugins.
Preloading 0 native plugins for Editor in 0.00 ms.
Mono: successfully reloaded assembly
- Completed reload, in  0.767 seconds
Platform modules already initialized, skipping
Shader 'Universal Render Pipeline/Particles/Lit': fallback shader 'Universal Render Pipeline/Particles/SimpleLit' not found
Refreshing native plugins compatible for Editor in 0.36 ms, found 2 plugins.
Preloading 0 native plugins for Editor in 0.00 ms.
Unloading 2591 Unused Serialized files (Serialized files now loaded: 0)
System memory in use before: 117.5 MB.
System memory in use after: 117.7 MB.

Unloading 15 unused Assets to reduce memory usage. Loaded Objects now: 3234.
Total: 1.834500 ms (FindLiveObjects: 0.181900 ms CreateObjectMapping: 0.087800 ms MarkObjects: 1.524600 ms  DeleteObjects: 0.039600 ms)

========================================================================
Received Prepare
Registering precompiled user dll's ...
Registered in 0.003016 seconds.
Begin MonoManager ReloadAssembly
Native extension for LinuxStandalone target not found
Native extension for WindowsStandalone target not found
Native extension for OSXStandalone target not found
Native extension for WebGL target not found
Refreshing native plugins compatible for Editor in 0.45 ms, found 2 plugins.
Preloading 0 native plugins for Editor in 0.00 ms.
Mono: successfully reloaded assembly
- Completed reload, in  0.792 seconds
Platform modules already initialized, skipping
Shader 'Universal Render Pipeline/Particles/Lit': fallback shader 'Universal Render Pipeline/Particles/SimpleLit' not found
Refreshing native plugins compatible for Editor in 0.36 ms, found 2 plugins.
Preloading 0 native plugins for Editor in 0.00 ms.
Unloading 2591 Unused Serialized files (Serialized files now loaded: 0)
System memory in use before: 117.5 MB.
System memory in use after: 117.7 MB.

Unloading 15 unused Assets to reduce memory usage. Loaded Objects now: 3237.
Total: 2.072500 ms (FindLiveObjects: 0.174100 ms CreateObjectMapping: 0.108300 ms MarkObjects: 1.719300 ms  DeleteObjects: 0.070000 ms)

========================================================================
Received Prepare
Registering precompiled user dll's ...
Registered in 0.012753 seconds.
Begin MonoManager ReloadAssembly
Native extension for LinuxStandalone target not found
Native extension for WindowsStandalone target not found
Native extension for OSXStandalone target not found
Native extension for WebGL target not found
Refreshing native plugins compatible for Editor in 0.36 ms, found 2 plugins.
Preloading 0 native plugins for Editor in 0.00 ms.
Mono: successfully reloaded assembly
- Completed reload, in  0.866 seconds
Platform modules already initialized, skipping
Shader 'Universal Render Pipeline/Particles/Lit': fallback shader 'Universal Render Pipeline/Particles/SimpleLit' not found
Refreshing native plugins compatible for Editor in 0.36 ms, found 2 plugins.
Preloading 0 native plugins for Editor in 0.00 ms.
Unloading 2591 Unused Serialized files (Serialized files now loaded: 0)
System memory in use before: 117.5 MB.
System memory in use after: 117.7 MB.

Unloading 15 unused Assets to reduce memory usage. Loaded Objects now: 3240.
Total: 1.864100 ms (FindLiveObjects: 0.174800 ms CreateObjectMapping: 0.081600 ms MarkObjects: 1.563400 ms  DeleteObjects: 0.043500 ms)

========================================================================
Received Prepare
Registering precompiled user dll's ...
Registered in 0.003944 seconds.
Begin MonoManager ReloadAssembly
Native extension for LinuxStandalone target not found
Native extension for WindowsStandalone target not found
Native extension for OSXStandalone target not found
Native extension for WebGL target not found
Refreshing native plugins compatible for Editor in 0.42 ms, found 2 plugins.
Preloading 0 native plugins for Editor in 0.00 ms.
Mono: successfully reloaded assembly
- Completed reload, in  0.883 seconds
Platform modules already initialized, skipping
Shader 'Universal Render Pipeline/Particles/Lit': fallback shader 'Universal Render Pipeline/Particles/SimpleLit' not found
Refreshing native plugins compatible for Editor in 0.39 ms, found 2 plugins.
Preloading 0 native plugins for Editor in 0.00 ms.
Unloading 2591 Unused Serialized files (Serialized files now loaded: 0)
System memory in use before: 117.5 MB.
System memory in use after: 117.7 MB.

Unloading 15 unused Assets to reduce memory usage. Loaded Objects now: 3243.
Total: 2.124000 ms (FindLiveObjects: 0.206500 ms CreateObjectMapping: 0.103800 ms MarkObjects: 1.757100 ms  DeleteObjects: 0.055900 ms)

